<?xml version="1.0" encoding="UTF-8"?>
<!-- Generated by org.testng.reporters.JUnitReportReporter -->
<testsuite hostname="LTIN202545" failures="0" tests="5" name="TestCases.TC_003_GiftCards1" time="144.672" errors="0" timestamp="2024-02-11T12:03:58 IST" skipped="0">
  <testcase classname="TestCases.TC_003_GiftCards1" name="searchbookshelves" time="61.676"/>
  <testcase classname="TestCases.TC_003_GiftCards1" name="Items" time="15.956"/>
  <testcase classname="TestCases.TC_003_GiftCards1" name="ClickGiftCards" time="35.836"/>
  <testcase classname="TestCases.TC_003_GiftCards1" name="GetErrorMsg" time="11.242"/>
  <testcase classname="TestCases.TC_003_GiftCards1" name="ValidateDetails" time="19.962"/>
</testsuite> <!-- TestCases.TC_003_GiftCards1 -->
