<?xml version="1.0" encoding="UTF-8"?>
<!-- Generated by org.testng.reporters.JUnitReportReporter -->
<testsuite hostname="LTIN202545" failures="0" tests="5" name="TestCases.TC_003_GiftCards" time="139.112" errors="0" timestamp="2024-02-09T21:37:25 IST" skipped="0">
  <testcase classname="TestCases.TC_003_GiftCards" name="searchbookshelves" time="49.136"/>
  <testcase classname="TestCases.TC_003_GiftCards" name="Items" time="16.943"/>
  <testcase classname="TestCases.TC_003_GiftCards" name="ClickGiftCards" time="40.707"/>
  <testcase classname="TestCases.TC_003_GiftCards" name="GetErrorMsg" time="11.347"/>
  <testcase classname="TestCases.TC_003_GiftCards" name="ValidateDetails" time="20.979"/>
</testsuite> <!-- TestCases.TC_003_GiftCards -->
