<?xml version="1.0" encoding="UTF-8"?>
<!-- Generated by org.testng.reporters.JUnitReportReporter -->
<testsuite hostname="LTIN202545" failures="0" tests="5" name="TestCases.TC_003_GiftCards" time="125.446" errors="0" timestamp="2024-02-12T10:56:59 IST" skipped="0">
  <testcase classname="TestCases.TC_003_GiftCards" name="searchbookshelves" time="44.140"/>
  <testcase classname="TestCases.TC_003_GiftCards" name="Items" time="15.885"/>
  <testcase classname="TestCases.TC_003_GiftCards" name="ClickGiftCards" time="33.856"/>
  <testcase classname="TestCases.TC_003_GiftCards" name="GetErrorMsg" time="11.254"/>
  <testcase classname="TestCases.TC_003_GiftCards" name="ValidateDetails" time="20.311"/>
</testsuite> <!-- TestCases.TC_003_GiftCards -->
