<?xml version="1.0" encoding="UTF-8"?>
<!-- Generated by org.testng.reporters.JUnitReportReporter -->
<testsuite hostname="LTIN202545" failures="0" tests="5" name="TestCases.TC_003_GiftCards1" time="133.343" errors="0" timestamp="2024-02-11T16:57:10 IST" skipped="0">
  <testcase classname="TestCases.TC_003_GiftCards1" name="searchbookshelves" time="46.660"/>
  <testcase classname="TestCases.TC_003_GiftCards1" name="Items" time="16.207"/>
  <testcase classname="TestCases.TC_003_GiftCards1" name="ClickGiftCards" time="38.733"/>
  <testcase classname="TestCases.TC_003_GiftCards1" name="GetErrorMsg" time="11.286"/>
  <testcase classname="TestCases.TC_003_GiftCards1" name="ValidateDetails" time="20.457"/>
</testsuite> <!-- TestCases.TC_003_GiftCards1 -->
